Using pre-set license
Built from '2020.3/staging' branch; Version is '2020.3.0f1 (c7b5465681fb) revision 13088070'; Using compiler version '192528614'; Build Type 'Release'
OS: 'Windows 10 Pro; OS build 19042.867; Version 2009; 64bit' Language: 'fr' Physical Memory: 32711 MB
BatchMode: 1, IsHumanControllingUs: 0, StartBugReporterOnCrash: 0, Is64bit: 1, IsPro: 0

 COMMAND LINE ARGUMENTS:
E:\UnityFolder\2020.3.0f1\Editor\Unity.exe
-adb2
-batchMode
-noUpm
-name
AssetImportWorker0
-projectPath
E:/OnDiskG/ProjetPerso/GameJam/GameJamProject/GameJamProject
-logFile
Logs/AssetImportWorker0.log
-srvPort
49449
Successfully changed project path to: E:/OnDiskG/ProjetPerso/GameJam/GameJamProject/GameJamProject
E:/OnDiskG/ProjetPerso/GameJam/GameJamProject/GameJamProject
Using Asset Import Pipeline V2.
Refreshing native plugins compatible for Editor in 32.32 ms, found 1 plugins.
Preloading 0 native plugins for Editor in 0.00 ms.
Initialize engine version: 2020.3.0f1 (c7b5465681fb)
[Subsystems] Discovering subsystems at path E:/UnityFolder/2020.3.0f1/Editor/Data/Resources/UnitySubsystems
[Subsystems] Discovering subsystems at path E:/OnDiskG/ProjetPerso/GameJam/GameJamProject/GameJamProject/Assets
GfxDevice: creating device client; threaded=0
Direct3D:
    Version:  Direct3D 11.0 [level 11.1]
    Renderer: NVIDIA GeForce RTX 3070 (ID=0x2484)
    Vendor:   
    VRAM:     8043 MB
    Driver:   27.21.14.6192
Initialize mono
Mono path[0] = 'E:/UnityFolder/2020.3.0f1/Editor/Data/Managed'
Mono path[1] = 'E:/UnityFolder/2020.3.0f1/Editor/Data/MonoBleedingEdge/lib/mono/unityjit'
Mono config path = 'E:/UnityFolder/2020.3.0f1/Editor/Data/MonoBleedingEdge/etc'
Using monoOptions --debugger-agent=transport=dt_socket,embedding=1,server=y,suspend=n,address=127.0.0.1:56360
Begin MonoManager ReloadAssembly
Registering precompiled unity dll's ...
Register platform support module: E:/UnityFolder/2020.3.0f1/Editor/Data/PlaybackEngines/WebGLSupport/UnityEditor.WebGL.Extensions.dll
Register platform support module: E:/UnityFolder/2020.3.0f1/Editor/Data/PlaybackEngines/WindowsStandaloneSupport/UnityEditor.WindowsStandalone.Extensions.dll
Registered in 0.001615 seconds.
Native extension for WindowsStandalone target not found
Native extension for WebGL target not found
Refreshing native plugins compatible for Editor in 31.91 ms, found 1 plugins.
Preloading 0 native plugins for Editor in 0.00 ms.
Invoked RoslynAnalysisRunner static constructor.
RoslynAnalysisRunner will not be running.
RoslynAnalysisRunner has terminated.
Mono: successfully reloaded assembly
- Completed reload, in  2.606 seconds
Platform modules already initialized, skipping
Registering precompiled user dll's ...
Registered in 0.001044 seconds.
Begin MonoManager ReloadAssembly
Native extension for WindowsStandalone target not found
Native extension for WebGL target not found
Refreshing native plugins compatible for Editor in 0.35 ms, found 1 plugins.
Preloading 0 native plugins for Editor in 0.00 ms.
Invoked RoslynAnalysisRunner static constructor.
RoslynAnalysisRunner will not be running.
RoslynAnalysisRunner has terminated.
Mono: successfully reloaded assembly
- Completed reload, in  0.887 seconds
Platform modules already initialized, skipping
========================================================================
Worker process is ready to serve import requests
Launched and connected shader compiler UnityShaderCompiler.exe after 0.04 seconds
Refreshing native plugins compatible for Editor in 0.58 ms, found 1 plugins.
Preloading 0 native plugins for Editor in 0.00 ms.
Unloading 1657 Unused Serialized files (Serialized files now loaded: 0)
System memory in use before: 80.3 MB.
System memory in use after: 80.4 MB.

Unloading 20 unused Assets to reduce memory usage. Loaded Objects now: 2105.
Total: 2.152700 ms (FindLiveObjects: 0.199600 ms CreateObjectMapping: 0.037100 ms MarkObjects: 1.823100 ms  DeleteObjects: 0.091500 ms)

========================================================================
Received Import Request.
  path: Assets/TileMaps/Test.prefab
  artifactKey: Guid(dac0a62d1ea08fe4fb586c4dc4ed4bac) Importer(815301076,1909f56bfc062723c751e8b465ee728b)
Start importing Assets/TileMaps/Test.prefab using Guid(dac0a62d1ea08fe4fb586c4dc4ed4bac) Importer(815301076,1909f56bfc062723c751e8b465ee728b)  -> (artifact id: 'c0fe7192553d53e2d9bf388e68951c91') in 0.047640 seconds
  Import took 0.050318 seconds .

========================================================================
Received Import Request.
  Time since last request: 0.000210 seconds.
  path: Assets/TileMaps/Tiles
  artifactKey: Guid(f3c4c72663cb73044ace17b141731dac) Importer(815301076,1909f56bfc062723c751e8b465ee728b)
Start importing Assets/TileMaps/Tiles using Guid(f3c4c72663cb73044ace17b141731dac) Importer(815301076,1909f56bfc062723c751e8b465ee728b)  -> (artifact id: 'cf3ef18584caa554efc6b9a474932bd1') in 0.006914 seconds
  Import took 0.009214 seconds .

========================================================================
Received Import Request.
  Time since last request: 0.000213 seconds.
  path: Assets/TileMaps/Tiles/whiteSquare.asset
  artifactKey: Guid(7b910e5e057ca3e47b061c19742cd1f4) Importer(815301076,1909f56bfc062723c751e8b465ee728b)
Start importing Assets/TileMaps/Tiles/whiteSquare.asset using Guid(7b910e5e057ca3e47b061c19742cd1f4) Importer(815301076,1909f56bfc062723c751e8b465ee728b)  -> (artifact id: '9c4c9acab203de42ba4c091b02b6c56c') in 0.047601 seconds
  Import took 0.050381 seconds .

========================================================================
Received Import Request.
  Time since last request: 0.000194 seconds.
  path: Assets/TileMaps/New Palette.prefab
  artifactKey: Guid(b42d3915195247f4fa6bff0c353f0c1f) Importer(815301076,1909f56bfc062723c751e8b465ee728b)
Start importing Assets/TileMaps/New Palette.prefab using Guid(b42d3915195247f4fa6bff0c353f0c1f) Importer(815301076,1909f56bfc062723c751e8b465ee728b)  -> (artifact id: 'a5e651e36dff30d1ae8bf9937f90e5a0') in 0.008418 seconds
  Import took 0.010939 seconds .

========================================================================
Received Import Request.
  Time since last request: 0.000186 seconds.
  path: Assets/TileMaps/Tiles/notWhiteSquare.asset
  artifactKey: Guid(eb2c72aac99813c4d89ccbee03331de2) Importer(815301076,1909f56bfc062723c751e8b465ee728b)
Start importing Assets/TileMaps/Tiles/notWhiteSquare.asset using Guid(eb2c72aac99813c4d89ccbee03331de2) Importer(815301076,1909f56bfc062723c751e8b465ee728b)  -> (artifact id: '6274eb8f501f4d71ed7dded65e5f5cb1') in 0.013203 seconds
  Import took 0.015589 seconds .

========================================================================
Received Import Request.
  Time since last request: 0.000178 seconds.
  path: Assets/TileMaps/GameTile.prefab
  artifactKey: Guid(5b79f0f480f626c44be5e639c6751532) Importer(815301076,1909f56bfc062723c751e8b465ee728b)
Start importing Assets/TileMaps/GameTile.prefab using Guid(5b79f0f480f626c44be5e639c6751532) Importer(815301076,1909f56bfc062723c751e8b465ee728b)  -> (artifact id: '1dfd2f90a587ac36d5f1aca89826dbb3') in 0.008802 seconds
  Import took 0.011526 seconds .

========================================================================
Received Prepare
Registering precompiled user dll's ...
Registered in 0.001245 seconds.
Begin MonoManager ReloadAssembly
Native extension for WindowsStandalone target not found
Native extension for WebGL target not found
Refreshing native plugins compatible for Editor in 0.39 ms, found 1 plugins.
Preloading 0 native plugins for Editor in 0.00 ms.
Invoked RoslynAnalysisRunner static constructor.
RoslynAnalysisRunner will not be running.
RoslynAnalysisRunner has terminated.
Mono: successfully reloaded assembly
- Completed reload, in  0.866 seconds
Platform modules already initialized, skipping
Refreshing native plugins compatible for Editor in 0.35 ms, found 1 plugins.
Preloading 0 native plugins for Editor in 0.00 ms.
Unloading 1650 Unused Serialized files (Serialized files now loaded: 0)
System memory in use before: 83.1 MB.
System memory in use after: 83.2 MB.

Unloading 8 unused Assets to reduce memory usage. Loaded Objects now: 2114.
Total: 2.248700 ms (FindLiveObjects: 0.214600 ms CreateObjectMapping: 0.039100 ms MarkObjects: 1.924900 ms  DeleteObjects: 0.068600 ms)

========================================================================
Received Prepare
Registering precompiled user dll's ...
Registered in 0.001020 seconds.
Begin MonoManager ReloadAssembly
Native extension for WindowsStandalone target not found
Native extension for WebGL target not found
Refreshing native plugins compatible for Editor in 0.36 ms, found 1 plugins.
Preloading 0 native plugins for Editor in 0.00 ms.
Invoked RoslynAnalysisRunner static constructor.
RoslynAnalysisRunner will not be running.
RoslynAnalysisRunner has terminated.
Mono: successfully reloaded assembly
- Completed reload, in  0.828 seconds
Platform modules already initialized, skipping
Refreshing native plugins compatible for Editor in 0.33 ms, found 1 plugins.
Preloading 0 native plugins for Editor in 0.00 ms.
Unloading 1650 Unused Serialized files (Serialized files now loaded: 0)
System memory in use before: 83.1 MB.
System memory in use after: 83.2 MB.

Unloading 8 unused Assets to reduce memory usage. Loaded Objects now: 2118.
Total: 1.874200 ms (FindLiveObjects: 0.188300 ms CreateObjectMapping: 0.036100 ms MarkObjects: 1.579700 ms  DeleteObjects: 0.068300 ms)

========================================================================
Received Import Request.
  Time since last request: 685.115916 seconds.
  path: Assets/Sprites/tiles_bck.png
  artifactKey: Guid(c33e2c8df7c4fd349a978c3b9fe769d4) Importer(815301076,1909f56bfc062723c751e8b465ee728b)
Start importing Assets/Sprites/tiles_bck.png using Guid(c33e2c8df7c4fd349a978c3b9fe769d4) Importer(815301076,1909f56bfc062723c751e8b465ee728b)  -> (artifact id: 'ff040c3b37f3a66841e99ee9d30218d1') in 0.051567 seconds
  Import took 0.054472 seconds .

========================================================================
Received Import Request.
  Time since last request: 10.105987 seconds.
  path: Assets/Sprites/tiles_bck.png
  artifactKey: Guid(c33e2c8df7c4fd349a978c3b9fe769d4) Importer(815301076,1909f56bfc062723c751e8b465ee728b)
Start importing Assets/Sprites/tiles_bck.png using Guid(c33e2c8df7c4fd349a978c3b9fe769d4) Importer(815301076,1909f56bfc062723c751e8b465ee728b)  -> (artifact id: 'aef02070c8fdee0d15b0e02bd5286e7c') in 0.081675 seconds
  Import took 0.084416 seconds .

========================================================================
Received Import Request.
  Time since last request: 23.038100 seconds.
  path: Assets/Sprites/tiles_bck.png
  artifactKey: Guid(c33e2c8df7c4fd349a978c3b9fe769d4) Importer(815301076,1909f56bfc062723c751e8b465ee728b)
Start importing Assets/Sprites/tiles_bck.png using Guid(c33e2c8df7c4fd349a978c3b9fe769d4) Importer(815301076,1909f56bfc062723c751e8b465ee728b)  -> (artifact id: '1be7f189dfffa748f70bad6cc2c1f96e') in 0.050068 seconds
  Import took 0.052861 seconds .

========================================================================
Received Import Request.
  Time since last request: 183.705789 seconds.
  path: Assets/Sprites/tiles_bck.png
  artifactKey: Guid(c33e2c8df7c4fd349a978c3b9fe769d4) Importer(815301076,1909f56bfc062723c751e8b465ee728b)
Start importing Assets/Sprites/tiles_bck.png using Guid(c33e2c8df7c4fd349a978c3b9fe769d4) Importer(815301076,1909f56bfc062723c751e8b465ee728b)  -> (artifact id: '29ef67e25c4e87087896fed4d3a2e1d6') in 0.037356 seconds
  Import took 0.040232 seconds .

========================================================================
Received Import Request.
  Time since last request: 20.002977 seconds.
  path: Assets/Sprites/tiles_bck.png
  artifactKey: Guid(c33e2c8df7c4fd349a978c3b9fe769d4) Importer(815301076,1909f56bfc062723c751e8b465ee728b)
Start importing Assets/Sprites/tiles_bck.png using Guid(c33e2c8df7c4fd349a978c3b9fe769d4) Importer(815301076,1909f56bfc062723c751e8b465ee728b)  -> (artifact id: '1dd99977d67a24979005bcd0c452d51e') in 0.054710 seconds
  Import took 0.057887 seconds .

========================================================================
Received Import Request.
  Time since last request: 8.185549 seconds.
  path: Assets/Sprites/tiles_bck.png
  artifactKey: Guid(c33e2c8df7c4fd349a978c3b9fe769d4) Importer(815301076,1909f56bfc062723c751e8b465ee728b)
Start importing Assets/Sprites/tiles_bck.png using Guid(c33e2c8df7c4fd349a978c3b9fe769d4) Importer(815301076,1909f56bfc062723c751e8b465ee728b)  -> (artifact id: 'd0b80d2ca0937578a7294a79b4cb7561') in 0.093081 seconds
  Import took 0.095790 seconds .

========================================================================
Received Import Request.
  Time since last request: 130.117847 seconds.
  path: Assets/Sprites/player.png
  artifactKey: Guid(3882351ff68c48446b89e5949dd12140) Importer(815301076,1909f56bfc062723c751e8b465ee728b)
Start importing Assets/Sprites/player.png using Guid(3882351ff68c48446b89e5949dd12140) Importer(815301076,1909f56bfc062723c751e8b465ee728b)  -> (artifact id: '789e75ace35631fa0a4d24b3846d7c9b') in 0.016928 seconds
  Import took 0.020462 seconds .

========================================================================
Received Import Request.
  Time since last request: 6.896272 seconds.
  path: Assets/Sprites/player.png
  artifactKey: Guid(3882351ff68c48446b89e5949dd12140) Importer(815301076,1909f56bfc062723c751e8b465ee728b)
Start importing Assets/Sprites/player.png using Guid(3882351ff68c48446b89e5949dd12140) Importer(815301076,1909f56bfc062723c751e8b465ee728b)  -> (artifact id: 'c24624ad49a47f989935a0cdba3195a6') in 0.013360 seconds
  Import took 0.016093 seconds .

========================================================================
Received Prepare
Registering precompiled user dll's ...
Registered in 0.001321 seconds.
Begin MonoManager ReloadAssembly
Native extension for WindowsStandalone target not found
Native extension for WebGL target not found
Refreshing native plugins compatible for Editor in 0.36 ms, found 1 plugins.
Preloading 0 native plugins for Editor in 0.00 ms.
Invoked RoslynAnalysisRunner static constructor.
RoslynAnalysisRunner will not be running.
RoslynAnalysisRunner has terminated.
Mono: successfully reloaded assembly
- Completed reload, in  0.818 seconds
Platform modules already initialized, skipping
Refreshing native plugins compatible for Editor in 0.35 ms, found 1 plugins.
Preloading 0 native plugins for Editor in 0.00 ms.
Unloading 1650 Unused Serialized files (Serialized files now loaded: 0)
System memory in use before: 83.2 MB.
System memory in use after: 83.3 MB.

Unloading 8 unused Assets to reduce memory usage. Loaded Objects now: 2131.
Total: 2.035100 ms (FindLiveObjects: 0.198400 ms CreateObjectMapping: 0.036100 ms MarkObjects: 1.712700 ms  DeleteObjects: 0.085800 ms)

========================================================================
Received Prepare
Registering precompiled user dll's ...
Registered in 0.000993 seconds.
Begin MonoManager ReloadAssembly
Native extension for WindowsStandalone target not found
Native extension for WebGL target not found
Refreshing native plugins compatible for Editor in 0.52 ms, found 1 plugins.
Preloading 0 native plugins for Editor in 0.00 ms.
Invoked RoslynAnalysisRunner static constructor.
RoslynAnalysisRunner will not be running.
RoslynAnalysisRunner has terminated.
Mono: successfully reloaded assembly
- Completed reload, in  0.829 seconds
Platform modules already initialized, skipping
Refreshing native plugins compatible for Editor in 0.34 ms, found 1 plugins.
Preloading 0 native plugins for Editor in 0.00 ms.
Unloading 1650 Unused Serialized files (Serialized files now loaded: 0)
System memory in use before: 83.2 MB.
System memory in use after: 83.3 MB.

Unloading 8 unused Assets to reduce memory usage. Loaded Objects now: 2135.
Total: 2.108400 ms (FindLiveObjects: 0.309500 ms CreateObjectMapping: 0.037100 ms MarkObjects: 1.690400 ms  DeleteObjects: 0.070400 ms)

========================================================================
Received Prepare
Registering precompiled user dll's ...
Registered in 0.001389 seconds.
Begin MonoManager ReloadAssembly
Native extension for WindowsStandalone target not found
Native extension for WebGL target not found
Refreshing native plugins compatible for Editor in 0.34 ms, found 1 plugins.
Preloading 0 native plugins for Editor in 0.00 ms.
Invoked RoslynAnalysisRunner static constructor.
RoslynAnalysisRunner will not be running.
RoslynAnalysisRunner has terminated.
Mono: successfully reloaded assembly
- Completed reload, in  0.823 seconds
Platform modules already initialized, skipping
Refreshing native plugins compatible for Editor in 0.37 ms, found 1 plugins.
Preloading 0 native plugins for Editor in 0.00 ms.
Unloading 1650 Unused Serialized files (Serialized files now loaded: 0)
System memory in use before: 83.3 MB.
System memory in use after: 83.3 MB.

Unloading 8 unused Assets to reduce memory usage. Loaded Objects now: 2139.
Total: 1.986300 ms (FindLiveObjects: 0.182500 ms CreateObjectMapping: 0.035900 ms MarkObjects: 1.696600 ms  DeleteObjects: 0.070300 ms)

========================================================================
Received Import Request.
  Time since last request: 549.251853 seconds.
  path: Assets/Sprites/tiles_bck.png
  artifactKey: Guid(c33e2c8df7c4fd349a978c3b9fe769d4) Importer(815301076,1909f56bfc062723c751e8b465ee728b)
Start importing Assets/Sprites/tiles_bck.png using Guid(c33e2c8df7c4fd349a978c3b9fe769d4) Importer(815301076,1909f56bfc062723c751e8b465ee728b)  -> (artifact id: '9bd1760cc8121c8c2544fbe58b333b9f') in 0.061519 seconds
  Import took 0.064392 seconds .

========================================================================
Received Prepare
Registering precompiled user dll's ...
Registered in 0.000989 seconds.
Begin MonoManager ReloadAssembly
Native extension for WindowsStandalone target not found
Native extension for WebGL target not found
Refreshing native plugins compatible for Editor in 0.34 ms, found 1 plugins.
Preloading 0 native plugins for Editor in 0.00 ms.
Invoked RoslynAnalysisRunner static constructor.
RoslynAnalysisRunner will not be running.
RoslynAnalysisRunner has terminated.
Mono: successfully reloaded assembly
- Completed reload, in  0.822 seconds
Platform modules already initialized, skipping
Refreshing native plugins compatible for Editor in 0.34 ms, found 1 plugins.
Preloading 0 native plugins for Editor in 0.00 ms.
Unloading 1650 Unused Serialized files (Serialized files now loaded: 0)
System memory in use before: 83.3 MB.
System memory in use after: 83.4 MB.

Unloading 8 unused Assets to reduce memory usage. Loaded Objects now: 2144.
Total: 1.867200 ms (FindLiveObjects: 0.209100 ms CreateObjectMapping: 0.036900 ms MarkObjects: 1.559800 ms  DeleteObjects: 0.060100 ms)

========================================================================
Received Prepare
Registering precompiled user dll's ...
Registered in 0.001330 seconds.
Begin MonoManager ReloadAssembly
Native extension for WindowsStandalone target not found
Native extension for WebGL target not found
Refreshing native plugins compatible for Editor in 0.36 ms, found 1 plugins.
Preloading 0 native plugins for Editor in 0.00 ms.
Invoked RoslynAnalysisRunner static constructor.
RoslynAnalysisRunner will not be running.
RoslynAnalysisRunner has terminated.
Mono: successfully reloaded assembly
- Completed reload, in  0.844 seconds
Platform modules already initialized, skipping
Refreshing native plugins compatible for Editor in 0.34 ms, found 1 plugins.
Preloading 0 native plugins for Editor in 0.00 ms.
Unloading 1650 Unused Serialized files (Serialized files now loaded: 0)
System memory in use before: 83.3 MB.
System memory in use after: 83.4 MB.

Unloading 8 unused Assets to reduce memory usage. Loaded Objects now: 2148.
Total: 2.134300 ms (FindLiveObjects: 0.306000 ms CreateObjectMapping: 0.040500 ms MarkObjects: 1.721100 ms  DeleteObjects: 0.065700 ms)

========================================================================
Received Prepare
Registering precompiled user dll's ...
Registered in 0.000979 seconds.
Begin MonoManager ReloadAssembly
Native extension for WindowsStandalone target not found
Native extension for WebGL target not found
Refreshing native plugins compatible for Editor in 0.34 ms, found 1 plugins.
Preloading 0 native plugins for Editor in 0.00 ms.
Invoked RoslynAnalysisRunner static constructor.
RoslynAnalysisRunner will not be running.
RoslynAnalysisRunner has terminated.
Mono: successfully reloaded assembly
- Completed reload, in  0.826 seconds
Platform modules already initialized, skipping
Refreshing native plugins compatible for Editor in 0.34 ms, found 1 plugins.
Preloading 0 native plugins for Editor in 0.00 ms.
Unloading 1650 Unused Serialized files (Serialized files now loaded: 0)
System memory in use before: 83.3 MB.
System memory in use after: 83.4 MB.

Unloading 8 unused Assets to reduce memory usage. Loaded Objects now: 2152.
Total: 2.194200 ms (FindLiveObjects: 0.304700 ms CreateObjectMapping: 0.074600 ms MarkObjects: 1.744700 ms  DeleteObjects: 0.068600 ms)

========================================================================
Received Prepare
Registering precompiled user dll's ...
Registered in 0.001140 seconds.
Begin MonoManager ReloadAssembly
Native extension for WindowsStandalone target not found
Native extension for WebGL target not found
Refreshing native plugins compatible for Editor in 0.40 ms, found 1 plugins.
Preloading 0 native plugins for Editor in 0.00 ms.
Invoked RoslynAnalysisRunner static constructor.
RoslynAnalysisRunner will not be running.
RoslynAnalysisRunner has terminated.
Mono: successfully reloaded assembly
- Completed reload, in  0.858 seconds
Platform modules already initialized, skipping
Refreshing native plugins compatible for Editor in 0.34 ms, found 1 plugins.
Preloading 0 native plugins for Editor in 0.00 ms.
Unloading 1650 Unused Serialized files (Serialized files now loaded: 0)
System memory in use before: 83.3 MB.
System memory in use after: 83.4 MB.

Unloading 8 unused Assets to reduce memory usage. Loaded Objects now: 2156.
Total: 2.993200 ms (FindLiveObjects: 0.506700 ms CreateObjectMapping: 0.071500 ms MarkObjects: 2.351900 ms  DeleteObjects: 0.061300 ms)

========================================================================
Received Prepare
Registering precompiled user dll's ...
Registered in 0.001172 seconds.
Begin MonoManager ReloadAssembly
Native extension for WindowsStandalone target not found
Native extension for WebGL target not found
Refreshing native plugins compatible for Editor in 0.35 ms, found 1 plugins.
Preloading 0 native plugins for Editor in 0.00 ms.
Invoked RoslynAnalysisRunner static constructor.
RoslynAnalysisRunner will not be running.
RoslynAnalysisRunner has terminated.
Mono: successfully reloaded assembly
- Completed reload, in  0.866 seconds
Platform modules already initialized, skipping
Refreshing native plugins compatible for Editor in 0.34 ms, found 1 plugins.
Preloading 0 native plugins for Editor in 0.00 ms.
Unloading 1650 Unused Serialized files (Serialized files now loaded: 0)
System memory in use before: 83.3 MB.
System memory in use after: 83.4 MB.

Unloading 8 unused Assets to reduce memory usage. Loaded Objects now: 2160.
Total: 2.249800 ms (FindLiveObjects: 0.325200 ms CreateObjectMapping: 0.081200 ms MarkObjects: 1.780600 ms  DeleteObjects: 0.060700 ms)

========================================================================
Received Prepare
Registering precompiled user dll's ...
Registered in 0.001006 seconds.
Begin MonoManager ReloadAssembly
Native extension for WindowsStandalone target not found
Native extension for WebGL target not found
Refreshing native plugins compatible for Editor in 0.34 ms, found 1 plugins.
Preloading 0 native plugins for Editor in 0.00 ms.
Invoked RoslynAnalysisRunner static constructor.
RoslynAnalysisRunner will not be running.
RoslynAnalysisRunner has terminated.
Mono: successfully reloaded assembly
- Completed reload, in  0.828 seconds
Platform modules already initialized, skipping
Refreshing native plugins compatible for Editor in 0.33 ms, found 1 plugins.
Preloading 0 native plugins for Editor in 0.00 ms.
Unloading 1650 Unused Serialized files (Serialized files now loaded: 0)
System memory in use before: 83.3 MB.
System memory in use after: 83.4 MB.

Unloading 8 unused Assets to reduce memory usage. Loaded Objects now: 2164.
Total: 1.950200 ms (FindLiveObjects: 0.209300 ms CreateObjectMapping: 0.037200 ms MarkObjects: 1.632600 ms  DeleteObjects: 0.070100 ms)

========================================================================
Received Prepare
Registering precompiled user dll's ...
Registered in 0.000998 seconds.
Begin MonoManager ReloadAssembly
Native extension for WindowsStandalone target not found
Native extension for WebGL target not found
Refreshing native plugins compatible for Editor in 0.34 ms, found 1 plugins.
Preloading 0 native plugins for Editor in 0.00 ms.
Invoked RoslynAnalysisRunner static constructor.
RoslynAnalysisRunner will not be running.
RoslynAnalysisRunner has terminated.
Mono: successfully reloaded assembly
- Completed reload, in  0.835 seconds
Platform modules already initialized, skipping
Refreshing native plugins compatible for Editor in 0.36 ms, found 1 plugins.
Preloading 0 native plugins for Editor in 0.00 ms.
Unloading 1650 Unused Serialized files (Serialized files now loaded: 0)
System memory in use before: 83.3 MB.
System memory in use after: 83.4 MB.

Unloading 8 unused Assets to reduce memory usage. Loaded Objects now: 2168.
Total: 2.102700 ms (FindLiveObjects: 0.202000 ms CreateObjectMapping: 0.040200 ms MarkObjects: 1.794600 ms  DeleteObjects: 0.064700 ms)

========================================================================
Received Prepare
Registering precompiled user dll's ...
Registered in 0.001146 seconds.
Begin MonoManager ReloadAssembly
Native extension for WindowsStandalone target not found
Native extension for WebGL target not found
Refreshing native plugins compatible for Editor in 0.36 ms, found 1 plugins.
Preloading 0 native plugins for Editor in 0.00 ms.
Invoked RoslynAnalysisRunner static constructor.
RoslynAnalysisRunner will not be running.
RoslynAnalysisRunner has terminated.
Mono: successfully reloaded assembly
- Completed reload, in  0.859 seconds
Platform modules already initialized, skipping
Refreshing native plugins compatible for Editor in 0.37 ms, found 1 plugins.
Preloading 0 native plugins for Editor in 0.00 ms.
Unloading 1650 Unused Serialized files (Serialized files now loaded: 0)
System memory in use before: 83.3 MB.
System memory in use after: 83.4 MB.

Unloading 8 unused Assets to reduce memory usage. Loaded Objects now: 2172.
Total: 2.157100 ms (FindLiveObjects: 0.207200 ms CreateObjectMapping: 0.038400 ms MarkObjects: 1.851600 ms  DeleteObjects: 0.058500 ms)

========================================================================
Received Prepare
Registering precompiled user dll's ...
Registered in 0.001189 seconds.
Begin MonoManager ReloadAssembly
Native extension for WindowsStandalone target not found
Native extension for WebGL target not found
Refreshing native plugins compatible for Editor in 0.34 ms, found 1 plugins.
Preloading 0 native plugins for Editor in 0.00 ms.
Invoked RoslynAnalysisRunner static constructor.
RoslynAnalysisRunner will not be running.
RoslynAnalysisRunner has terminated.
Mono: successfully reloaded assembly
- Completed reload, in  0.831 seconds
Platform modules already initialized, skipping
Refreshing native plugins compatible for Editor in 0.48 ms, found 1 plugins.
Preloading 0 native plugins for Editor in 0.00 ms.
Unloading 1650 Unused Serialized files (Serialized files now loaded: 0)
System memory in use before: 83.3 MB.
System memory in use after: 83.4 MB.

Unloading 8 unused Assets to reduce memory usage. Loaded Objects now: 2176.
Total: 2.155000 ms (FindLiveObjects: 0.190000 ms CreateObjectMapping: 0.036400 ms MarkObjects: 1.862600 ms  DeleteObjects: 0.064500 ms)

========================================================================
Received Prepare
Registering precompiled user dll's ...
Registered in 0.001101 seconds.
Begin MonoManager ReloadAssembly
Native extension for WindowsStandalone target not found
Native extension for WebGL target not found
Refreshing native plugins compatible for Editor in 0.35 ms, found 1 plugins.
Preloading 0 native plugins for Editor in 0.00 ms.
Invoked RoslynAnalysisRunner static constructor.
RoslynAnalysisRunner will not be running.
RoslynAnalysisRunner has terminated.
Mono: successfully reloaded assembly
- Completed reload, in  0.809 seconds
Platform modules already initialized, skipping
Refreshing native plugins compatible for Editor in 0.54 ms, found 1 plugins.
Preloading 0 native plugins for Editor in 0.00 ms.
Unloading 1650 Unused Serialized files (Serialized files now loaded: 0)
System memory in use before: 83.4 MB.
System memory in use after: 83.4 MB.

Unloading 8 unused Assets to reduce memory usage. Loaded Objects now: 2180.
Total: 2.040800 ms (FindLiveObjects: 0.229600 ms CreateObjectMapping: 0.058300 ms MarkObjects: 1.662600 ms  DeleteObjects: 0.089300 ms)

========================================================================
Received Import Request.
  Time since last request: 1922.109353 seconds.
  path: Assets/Fonts/Pixellari.ttf
  artifactKey: Guid(4a97bff63d899394f9bbc49e86cc5846) Importer(815301076,1909f56bfc062723c751e8b465ee728b)
Start importing Assets/Fonts/Pixellari.ttf using Guid(4a97bff63d899394f9bbc49e86cc5846) Importer(815301076,1909f56bfc062723c751e8b465ee728b)  -> (artifact id: 'b5e16877d7a9664e626a7531143cc9e2') in 0.087229 seconds
  Import took 0.090143 seconds .

========================================================================
Received Import Request.
  Time since last request: 0.001112 seconds.
  path: Assets/Fonts/Pixellari.ttf
  artifactKey: Guid(4a97bff63d899394f9bbc49e86cc5846) Importer(815301076,1909f56bfc062723c751e8b465ee728b)
Start importing Assets/Fonts/Pixellari.ttf using Guid(4a97bff63d899394f9bbc49e86cc5846) Importer(815301076,1909f56bfc062723c751e8b465ee728b)  -> (artifact id: 'b5e16877d7a9664e626a7531143cc9e2') in 0.010139 seconds
  Import took 0.012929 seconds .

========================================================================
Received Import Request.
  Time since last request: 524.072630 seconds.
  path: Assets/NewUSSFile.uss
  artifactKey: Guid(82f7d09e2ce92af46b9fc75a015321dd) Importer(815301076,1909f56bfc062723c751e8b465ee728b)
Start importing Assets/NewUSSFile.uss using Guid(82f7d09e2ce92af46b9fc75a015321dd) Importer(815301076,1909f56bfc062723c751e8b465ee728b)  -> (artifact id: '33e7a9811c7a910ebd1040e1857d4dbe') in 0.017477 seconds
  Import took 0.020469 seconds .

========================================================================
Received Import Request.
  Time since last request: 0.009328 seconds.
  path: Assets/NewUSSFile.uss
  artifactKey: Guid(82f7d09e2ce92af46b9fc75a015321dd) Importer(815301076,1909f56bfc062723c751e8b465ee728b)
Start importing Assets/NewUSSFile.uss using Guid(82f7d09e2ce92af46b9fc75a015321dd) Importer(815301076,1909f56bfc062723c751e8b465ee728b)  -> (artifact id: '33e7a9811c7a910ebd1040e1857d4dbe') in 0.003694 seconds
  Import took 0.006417 seconds .

========================================================================
Received Prepare
Registering precompiled user dll's ...
Registered in 0.001044 seconds.
Begin MonoManager ReloadAssembly
Native extension for WindowsStandalone target not found
Native extension for WebGL target not found
Refreshing native plugins compatible for Editor in 0.37 ms, found 1 plugins.
Preloading 0 native plugins for Editor in 0.00 ms.
Invoked RoslynAnalysisRunner static constructor.
RoslynAnalysisRunner will not be running.
RoslynAnalysisRunner has terminated.
Mono: successfully reloaded assembly
- Completed reload, in  0.842 seconds
Platform modules already initialized, skipping
Refreshing native plugins compatible for Editor in 0.35 ms, found 1 plugins.
Preloading 0 native plugins for Editor in 0.00 ms.
Unloading 1650 Unused Serialized files (Serialized files now loaded: 0)
System memory in use before: 83.8 MB.
System memory in use after: 83.9 MB.

Unloading 8 unused Assets to reduce memory usage. Loaded Objects now: 2226.
Total: 1.977600 ms (FindLiveObjects: 0.189000 ms CreateObjectMapping: 0.036500 ms MarkObjects: 1.679100 ms  DeleteObjects: 0.072000 ms)

========================================================================
Received Import Request.
  Time since last request: 1012.821416 seconds.
  path: Assets/Sprites/number_1.png
  artifactKey: Guid(54d5e6b24e4e3af4c866f567ed611e36) Importer(815301076,1909f56bfc062723c751e8b465ee728b)
Start importing Assets/Sprites/number_1.png using Guid(54d5e6b24e4e3af4c866f567ed611e36) Importer(815301076,1909f56bfc062723c751e8b465ee728b)  -> (artifact id: 'bf5206bc3245c935662096e22677fc06') in 0.042083 seconds
  Import took 0.044894 seconds .

========================================================================
Received Import Request.
  Time since last request: 0.000180 seconds.
  path: Assets/Sprites/number_4.png
  artifactKey: Guid(9cd24f6247a58e948987ca21332f2931) Importer(815301076,1909f56bfc062723c751e8b465ee728b)
Start importing Assets/Sprites/number_4.png using Guid(9cd24f6247a58e948987ca21332f2931) Importer(815301076,1909f56bfc062723c751e8b465ee728b)  -> (artifact id: '76dcc61610eb3c7bad3c980284bab659') in 0.016825 seconds
  Import took 0.019303 seconds .

========================================================================
Received Import Request.
  Time since last request: 0.000233 seconds.
  path: Assets/Sprites/number_3.png
  artifactKey: Guid(b8826e3f42bb5684bbc8766f1d098cb4) Importer(815301076,1909f56bfc062723c751e8b465ee728b)
Start importing Assets/Sprites/number_3.png using Guid(b8826e3f42bb5684bbc8766f1d098cb4) Importer(815301076,1909f56bfc062723c751e8b465ee728b)  -> (artifact id: '01f78957fdfa81f2fce00149e8e277d7') in 0.016641 seconds
  Import took 0.019588 seconds .

========================================================================
Received Import Request.
  Time since last request: 0.000222 seconds.
  path: Assets/Sprites/number_2.png
  artifactKey: Guid(2e41f02ea1c8d404a865b5e654afbbae) Importer(815301076,1909f56bfc062723c751e8b465ee728b)
Start importing Assets/Sprites/number_2.png using Guid(2e41f02ea1c8d404a865b5e654afbbae) Importer(815301076,1909f56bfc062723c751e8b465ee728b)  -> (artifact id: 'c351fde7c25d935d4742a548ad7d8812') in 0.051938 seconds
  Import took 0.054647 seconds .

========================================================================
Received Import Request.
  Time since last request: 8.415470 seconds.
  path: Assets/Sprites/number_1.png
  artifactKey: Guid(54d5e6b24e4e3af4c866f567ed611e36) Importer(815301076,1909f56bfc062723c751e8b465ee728b)
Start importing Assets/Sprites/number_1.png using Guid(54d5e6b24e4e3af4c866f567ed611e36) Importer(815301076,1909f56bfc062723c751e8b465ee728b)  -> (artifact id: 'c0a0c2b66a3144a3d801cfef8c0b5580') in 0.071647 seconds
  Import took 0.074390 seconds .

========================================================================
Received Import Request.
  Time since last request: 0.000208 seconds.
  path: Assets/Sprites/number_4.png
  artifactKey: Guid(9cd24f6247a58e948987ca21332f2931) Importer(815301076,1909f56bfc062723c751e8b465ee728b)
Start importing Assets/Sprites/number_4.png using Guid(9cd24f6247a58e948987ca21332f2931) Importer(815301076,1909f56bfc062723c751e8b465ee728b)  -> (artifact id: '6bd3158f02443a7c94ee97746b09b605') in 0.013396 seconds
  Import took 0.016143 seconds .

========================================================================
Received Import Request.
  Time since last request: 0.000201 seconds.
  path: Assets/Sprites/number_3.png
  artifactKey: Guid(b8826e3f42bb5684bbc8766f1d098cb4) Importer(815301076,1909f56bfc062723c751e8b465ee728b)
Start importing Assets/Sprites/number_3.png using Guid(b8826e3f42bb5684bbc8766f1d098cb4) Importer(815301076,1909f56bfc062723c751e8b465ee728b)  -> (artifact id: '229d15cedb7e219f5aa535a1f6153551') in 0.015004 seconds
  Import took 0.018673 seconds .

========================================================================
Received Import Request.
  Time since last request: 0.000187 seconds.
  path: Assets/Sprites/number_2.png
  artifactKey: Guid(2e41f02ea1c8d404a865b5e654afbbae) Importer(815301076,1909f56bfc062723c751e8b465ee728b)
Start importing Assets/Sprites/number_2.png using Guid(2e41f02ea1c8d404a865b5e654afbbae) Importer(815301076,1909f56bfc062723c751e8b465ee728b)  -> (artifact id: '3cdae7b3d034ad580dd98f3355953e6e') in 0.013697 seconds
  Import took 0.016258 seconds .

========================================================================
Received Import Request.
  Time since last request: 2.296204 seconds.
  path: Assets/Sprites/number_1.png
  artifactKey: Guid(54d5e6b24e4e3af4c866f567ed611e36) Importer(815301076,1909f56bfc062723c751e8b465ee728b)
Start importing Assets/Sprites/number_1.png using Guid(54d5e6b24e4e3af4c866f567ed611e36) Importer(815301076,1909f56bfc062723c751e8b465ee728b)  -> (artifact id: '262f7ee445f6a09b2a108baf69bf0c3f') in 0.012615 seconds
  Import took 0.015652 seconds .

========================================================================
Received Import Request.
  Time since last request: 0.000197 seconds.
  path: Assets/Sprites/number_4.png
  artifactKey: Guid(9cd24f6247a58e948987ca21332f2931) Importer(815301076,1909f56bfc062723c751e8b465ee728b)
Start importing Assets/Sprites/number_4.png using Guid(9cd24f6247a58e948987ca21332f2931) Importer(815301076,1909f56bfc062723c751e8b465ee728b)  -> (artifact id: '7c03d9337e3408022a39bbbd3a2b0719') in 0.008323 seconds
  Import took 0.010939 seconds .

========================================================================
Received Import Request.
  Time since last request: 0.000192 seconds.
  path: Assets/Sprites/number_3.png
  artifactKey: Guid(b8826e3f42bb5684bbc8766f1d098cb4) Importer(815301076,1909f56bfc062723c751e8b465ee728b)
Start importing Assets/Sprites/number_3.png using Guid(b8826e3f42bb5684bbc8766f1d098cb4) Importer(815301076,1909f56bfc062723c751e8b465ee728b)  -> (artifact id: '601bb77aed2b99263855232cf38de159') in 0.013649 seconds
  Import took 0.016197 seconds .

========================================================================
Received Import Request.
  Time since last request: 0.000198 seconds.
  path: Assets/Sprites/number_2.png
  artifactKey: Guid(2e41f02ea1c8d404a865b5e654afbbae) Importer(815301076,1909f56bfc062723c751e8b465ee728b)
Start importing Assets/Sprites/number_2.png using Guid(2e41f02ea1c8d404a865b5e654afbbae) Importer(815301076,1909f56bfc062723c751e8b465ee728b)  -> (artifact id: '515d5187e18b61e632c4d35e6d674b63') in 0.017850 seconds
  Import took 0.020373 seconds .

========================================================================
Received Import Request.
  Time since last request: 0.003006 seconds.
  path: Assets/Sprites/number_2.png
  artifactKey: Guid(2e41f02ea1c8d404a865b5e654afbbae) Importer(815301076,1909f56bfc062723c751e8b465ee728b)
Start importing Assets/Sprites/number_2.png using Guid(2e41f02ea1c8d404a865b5e654afbbae) Importer(815301076,1909f56bfc062723c751e8b465ee728b)  -> (artifact id: '515d5187e18b61e632c4d35e6d674b63') in 0.013472 seconds
  Import took 0.016227 seconds .

========================================================================
Received Import Request.
  Time since last request: 43.958307 seconds.
  path: ProjectSettings/TagManager.asset
  artifactKey: Guid(00000000000000003000000000000000) Importer(815301076,1909f56bfc062723c751e8b465ee728b)
Start importing ProjectSettings/TagManager.asset using Guid(00000000000000003000000000000000) Importer(815301076,1909f56bfc062723c751e8b465ee728b)  -> (artifact id: 'e58c32c74971579209c983feef23e212') in 0.007888 seconds
  Import took 0.010573 seconds .

========================================================================
Received Prepare
Registering precompiled user dll's ...
Registered in 0.001107 seconds.
Begin MonoManager ReloadAssembly
Native extension for WindowsStandalone target not found
Native extension for WebGL target not found
Refreshing native plugins compatible for Editor in 0.55 ms, found 1 plugins.
Preloading 0 native plugins for Editor in 0.00 ms.
Invoked RoslynAnalysisRunner static constructor.
RoslynAnalysisRunner will not be running.
RoslynAnalysisRunner has terminated.
Mono: successfully reloaded assembly
- Completed reload, in  0.961 seconds
Platform modules already initialized, skipping
Refreshing native plugins compatible for Editor in 4.52 ms, found 1 plugins.
Preloading 0 native plugins for Editor in 0.00 ms.
Unloading 1650 Unused Serialized files (Serialized files now loaded: 0)
System memory in use before: 83.8 MB.
System memory in use after: 83.9 MB.

Unloading 9 unused Assets to reduce memory usage. Loaded Objects now: 2231.
Total: 1.950900 ms (FindLiveObjects: 0.219700 ms CreateObjectMapping: 0.038600 ms MarkObjects: 1.627400 ms  DeleteObjects: 0.064300 ms)

