Using pre-set license
Built from '2020.3/staging' branch; Version is '2020.3.0f1 (c7b5465681fb) revision 13088070'; Using compiler version '192528614'; Build Type 'Release'
OS: 'Windows 10 Pro; OS build 19042.867; Version 2009; 64bit' Language: 'fr' Physical Memory: 32711 MB
BatchMode: 1, IsHumanControllingUs: 0, StartBugReporterOnCrash: 0, Is64bit: 1, IsPro: 0

 COMMAND LINE ARGUMENTS:
E:\UnityFolder\2020.3.0f1\Editor\Unity.exe
-adb2
-batchMode
-noUpm
-name
AssetImportWorker0
-projectPath
E:/OnDiskG/ProjetPerso/GameJam/GameJamProject/GameJamProject
-logFile
Logs/AssetImportWorker0.log
-srvPort
55992
Successfully changed project path to: E:/OnDiskG/ProjetPerso/GameJam/GameJamProject/GameJamProject
E:/OnDiskG/ProjetPerso/GameJam/GameJamProject/GameJamProject
Using Asset Import Pipeline V2.
Refreshing native plugins compatible for Editor in 22.14 ms, found 0 plugins.
Preloading 0 native plugins for Editor in 0.00 ms.
Initialize engine version: 2020.3.0f1 (c7b5465681fb)
[Subsystems] Discovering subsystems at path E:/UnityFolder/2020.3.0f1/Editor/Data/Resources/UnitySubsystems
[Subsystems] Discovering subsystems at path E:/OnDiskG/ProjetPerso/GameJam/GameJamProject/GameJamProject/Assets
GfxDevice: creating device client; threaded=0
Direct3D:
    Version:  Direct3D 11.0 [level 11.1]
    Renderer: NVIDIA GeForce RTX 3070 (ID=0x2484)
    Vendor:   
    VRAM:     8043 MB
    Driver:   27.21.14.6192
Initialize mono
Mono path[0] = 'E:/UnityFolder/2020.3.0f1/Editor/Data/Managed'
Mono path[1] = 'E:/UnityFolder/2020.3.0f1/Editor/Data/MonoBleedingEdge/lib/mono/unityjit'
Mono config path = 'E:/UnityFolder/2020.3.0f1/Editor/Data/MonoBleedingEdge/etc'
Using monoOptions --debugger-agent=transport=dt_socket,embedding=1,server=y,suspend=n,address=127.0.0.1:56752
Begin MonoManager ReloadAssembly
Registering precompiled unity dll's ...
Register platform support module: E:/UnityFolder/2020.3.0f1/Editor/Data/PlaybackEngines/WebGLSupport/UnityEditor.WebGL.Extensions.dll
Register platform support module: E:/UnityFolder/2020.3.0f1/Editor/Data/PlaybackEngines/WindowsStandaloneSupport/UnityEditor.WindowsStandalone.Extensions.dll
Registered in 0.001842 seconds.
Native extension for WindowsStandalone target not found
Native extension for WebGL target not found
Refreshing native plugins compatible for Editor in 21.47 ms, found 0 plugins.
Preloading 0 native plugins for Editor in 0.00 ms.
Invoked RoslynAnalysisRunner static constructor.
RoslynAnalysisRunner will not be running.
RoslynAnalysisRunner has terminated.
Mono: successfully reloaded assembly
- Completed reload, in  2.648 seconds
Platform modules already initialized, skipping
Registering precompiled user dll's ...
Registered in 0.000674 seconds.
Begin MonoManager ReloadAssembly
Native extension for WindowsStandalone target not found
Native extension for WebGL target not found
Refreshing native plugins compatible for Editor in 0.20 ms, found 0 plugins.
Preloading 0 native plugins for Editor in 0.00 ms.
Invoked RoslynAnalysisRunner static constructor.
RoslynAnalysisRunner will not be running.
RoslynAnalysisRunner has terminated.
Mono: successfully reloaded assembly
- Completed reload, in  0.803 seconds
Platform modules already initialized, skipping
========================================================================
Worker process is ready to serve import requests
Launched and connected shader compiler UnityShaderCompiler.exe after 0.04 seconds
Refreshing native plugins compatible for Editor in 0.20 ms, found 0 plugins.
Preloading 0 native plugins for Editor in 0.00 ms.
Unloading 1113 Unused Serialized files (Serialized files now loaded: 0)
System memory in use before: 56.8 MB.
System memory in use after: 56.9 MB.

Unloading 10 unused Assets to reduce memory usage. Loaded Objects now: 1555.
Total: 1.836800 ms (FindLiveObjects: 0.176600 ms CreateObjectMapping: 0.029400 ms MarkObjects: 1.546500 ms  DeleteObjects: 0.083100 ms)

========================================================================
Received Import Request.
  path: Assets
  artifactKey: Guid(00000000000000001000000000000000) Importer(815301076,1909f56bfc062723c751e8b465ee728b)
Start importing Assets using Guid(00000000000000001000000000000000) Importer(815301076,1909f56bfc062723c751e8b465ee728b)  -> (artifact id: '42baae205c97e3337697759514652acd') in 0.012697 seconds
  Import took 0.014524 seconds .

========================================================================
Received Import Request.
  Time since last request: 0.013444 seconds.
  path: Assets
  artifactKey: Guid(00000000000000001000000000000000) Importer(815301076,1909f56bfc062723c751e8b465ee728b)
Start importing Assets using Guid(00000000000000001000000000000000) Importer(815301076,1909f56bfc062723c751e8b465ee728b)  -> (artifact id: '42baae205c97e3337697759514652acd') in 0.002718 seconds
  Import took 0.005085 seconds .

========================================================================
Received Import Request.
  Time since last request: 2.593960 seconds.
  path: Assets/Scripts
  artifactKey: Guid(038c95d926fe8244ea0699ddb50ccb42) Importer(815301076,1909f56bfc062723c751e8b465ee728b)
Start importing Assets/Scripts using Guid(038c95d926fe8244ea0699ddb50ccb42) Importer(815301076,1909f56bfc062723c751e8b465ee728b)  -> (artifact id: '0ea8a556ef3edfbf41479615840e9c4e') in 0.007678 seconds
  Import took 0.009465 seconds .

========================================================================
Received Import Request.
  Time since last request: 0.000713 seconds.
  path: Assets/Scripts
  artifactKey: Guid(038c95d926fe8244ea0699ddb50ccb42) Importer(815301076,1909f56bfc062723c751e8b465ee728b)
Start importing Assets/Scripts using Guid(038c95d926fe8244ea0699ddb50ccb42) Importer(815301076,1909f56bfc062723c751e8b465ee728b)  -> (artifact id: '0ea8a556ef3edfbf41479615840e9c4e') in 0.002648 seconds
  Import took 0.004461 seconds .

========================================================================
Received Import Request.
  Time since last request: 3.180317 seconds.
  path: Assets/NewBehaviourScript.cs
  artifactKey: Guid(f2e6525c6654fac46af60cda659ac23e) Importer(815301076,1909f56bfc062723c751e8b465ee728b)
Start importing Assets/NewBehaviourScript.cs using Guid(f2e6525c6654fac46af60cda659ac23e) Importer(815301076,1909f56bfc062723c751e8b465ee728b)  -> (artifact id: 'a41840d960d0a3c42edabe9aa9d8e72e') in 0.026832 seconds
  Import took 0.028596 seconds .

========================================================================
Received Prepare
Registering precompiled user dll's ...
Registered in 0.000656 seconds.
Begin MonoManager ReloadAssembly
Native extension for WindowsStandalone target not found
Native extension for WebGL target not found
Refreshing native plugins compatible for Editor in 0.21 ms, found 0 plugins.
Preloading 0 native plugins for Editor in 0.00 ms.
Invoked RoslynAnalysisRunner static constructor.
RoslynAnalysisRunner will not be running.
RoslynAnalysisRunner has terminated.
Mono: successfully reloaded assembly
- Completed reload, in  0.744 seconds
Platform modules already initialized, skipping
Refreshing native plugins compatible for Editor in 0.20 ms, found 0 plugins.
Preloading 0 native plugins for Editor in 0.00 ms.
Unloading 1109 Unused Serialized files (Serialized files now loaded: 0)
System memory in use before: 56.8 MB.
System memory in use after: 56.9 MB.

Unloading 5 unused Assets to reduce memory usage. Loaded Objects now: 1559.
Total: 1.515400 ms (FindLiveObjects: 0.148200 ms CreateObjectMapping: 0.026100 ms MarkObjects: 1.290700 ms  DeleteObjects: 0.049600 ms)

========================================================================
Received Prepare
Registering precompiled user dll's ...
Registered in 0.000693 seconds.
Begin MonoManager ReloadAssembly
Native extension for WindowsStandalone target not found
Native extension for WebGL target not found
Refreshing native plugins compatible for Editor in 0.21 ms, found 0 plugins.
Preloading 0 native plugins for Editor in 0.00 ms.
Invoked RoslynAnalysisRunner static constructor.
RoslynAnalysisRunner will not be running.
RoslynAnalysisRunner has terminated.
Mono: successfully reloaded assembly
- Completed reload, in  0.746 seconds
Platform modules already initialized, skipping
Refreshing native plugins compatible for Editor in 0.20 ms, found 0 plugins.
Preloading 0 native plugins for Editor in 0.00 ms.
Unloading 1108 Unused Serialized files (Serialized files now loaded: 0)
System memory in use before: 56.8 MB.
System memory in use after: 56.9 MB.

Unloading 6 unused Assets to reduce memory usage. Loaded Objects now: 1561.
Total: 1.591300 ms (FindLiveObjects: 0.134600 ms CreateObjectMapping: 0.025500 ms MarkObjects: 1.381100 ms  DeleteObjects: 0.049300 ms)

========================================================================
Received Import Request.
  Time since last request: 10.034792 seconds.
  path: Assets/Prefabs
  artifactKey: Guid(fcecbc1a7a756ce41b67a73823e144e1) Importer(815301076,1909f56bfc062723c751e8b465ee728b)
Start importing Assets/Prefabs using Guid(fcecbc1a7a756ce41b67a73823e144e1) Importer(815301076,1909f56bfc062723c751e8b465ee728b)  -> (artifact id: '78509f62a7f23f894eb84de9e63ad26d') in 0.009380 seconds
  Import took 0.011198 seconds .

========================================================================
Received Import Request.
  Time since last request: 0.008096 seconds.
  path: Assets/Prefabs
  artifactKey: Guid(fcecbc1a7a756ce41b67a73823e144e1) Importer(815301076,1909f56bfc062723c751e8b465ee728b)
Start importing Assets/Prefabs using Guid(fcecbc1a7a756ce41b67a73823e144e1) Importer(815301076,1909f56bfc062723c751e8b465ee728b)  -> (artifact id: '78509f62a7f23f894eb84de9e63ad26d') in 0.002772 seconds
  Import took 0.004557 seconds .

========================================================================
Received Import Request.
  Time since last request: 4.029365 seconds.
  path: Assets/Materials
  artifactKey: Guid(88c18108baecee743b1919268281a7df) Importer(815301076,1909f56bfc062723c751e8b465ee728b)
Start importing Assets/Materials using Guid(88c18108baecee743b1919268281a7df) Importer(815301076,1909f56bfc062723c751e8b465ee728b)  -> (artifact id: 'f7043499895395a009a8c53220548db1') in 0.007083 seconds
  Import took 0.008889 seconds .

========================================================================
Received Import Request.
  Time since last request: 0.002591 seconds.
  path: Assets/Materials
  artifactKey: Guid(88c18108baecee743b1919268281a7df) Importer(815301076,1909f56bfc062723c751e8b465ee728b)
Start importing Assets/Materials using Guid(88c18108baecee743b1919268281a7df) Importer(815301076,1909f56bfc062723c751e8b465ee728b)  -> (artifact id: 'f7043499895395a009a8c53220548db1') in 0.002588 seconds
  Import took 0.004383 seconds .

========================================================================
Received Import Request.
  Time since last request: 3.810424 seconds.
  path: Assets/Shaders
  artifactKey: Guid(03e5b5238d764c1449a703bd080e64c1) Importer(815301076,1909f56bfc062723c751e8b465ee728b)
Start importing Assets/Shaders using Guid(03e5b5238d764c1449a703bd080e64c1) Importer(815301076,1909f56bfc062723c751e8b465ee728b)  -> (artifact id: '224d94a5434151e1411514696f08d98c') in 0.007166 seconds
  Import took 0.008980 seconds .

========================================================================
Received Import Request.
  Time since last request: 5.215108 seconds.
  path: Assets/Sprites
  artifactKey: Guid(4e0cd224354f11f458895e85ed904acb) Importer(815301076,1909f56bfc062723c751e8b465ee728b)
Start importing Assets/Sprites using Guid(4e0cd224354f11f458895e85ed904acb) Importer(815301076,1909f56bfc062723c751e8b465ee728b)  -> (artifact id: 'f626c9bf6d24b679a74553327ffa9b32') in 0.007988 seconds
  Import took 0.009775 seconds .

========================================================================
Received Import Request.
  Time since last request: 0.007898 seconds.
  path: Assets/Sprites
  artifactKey: Guid(4e0cd224354f11f458895e85ed904acb) Importer(815301076,1909f56bfc062723c751e8b465ee728b)
Start importing Assets/Sprites using Guid(4e0cd224354f11f458895e85ed904acb) Importer(815301076,1909f56bfc062723c751e8b465ee728b)  -> (artifact id: 'f626c9bf6d24b679a74553327ffa9b32') in 0.002913 seconds
  Import took 0.004745 seconds .

========================================================================
Received Prepare
Registering precompiled user dll's ...
Registered in 0.000725 seconds.
Begin MonoManager ReloadAssembly
Native extension for WindowsStandalone target not found
Native extension for WebGL target not found
Refreshing native plugins compatible for Editor in 0.21 ms, found 0 plugins.
Preloading 0 native plugins for Editor in 0.00 ms.
Invoked RoslynAnalysisRunner static constructor.
RoslynAnalysisRunner will not be running.
RoslynAnalysisRunner has terminated.
Mono: successfully reloaded assembly
- Completed reload, in  0.768 seconds
Platform modules already initialized, skipping
Refreshing native plugins compatible for Editor in 0.24 ms, found 0 plugins.
Preloading 0 native plugins for Editor in 0.00 ms.
Unloading 1142 Unused Serialized files (Serialized files now loaded: 0)
System memory in use before: 57.9 MB.
System memory in use after: 58.0 MB.

Unloading 5 unused Assets to reduce memory usage. Loaded Objects now: 1598.
Total: 1.557900 ms (FindLiveObjects: 0.152200 ms CreateObjectMapping: 0.026900 ms MarkObjects: 1.324400 ms  DeleteObjects: 0.053600 ms)

========================================================================
Received Prepare
Registering precompiled user dll's ...
Registered in 0.000971 seconds.
Begin MonoManager ReloadAssembly
Native extension for WindowsStandalone target not found
Native extension for WebGL target not found
Refreshing native plugins compatible for Editor in 0.35 ms, found 1 plugins.
Preloading 0 native plugins for Editor in 0.00 ms.
Invoked RoslynAnalysisRunner static constructor.
RoslynAnalysisRunner will not be running.
RoslynAnalysisRunner has terminated.
Mono: successfully reloaded assembly
- Completed reload, in  0.803 seconds
Platform modules already initialized, skipping
Refreshing native plugins compatible for Editor in 0.33 ms, found 1 plugins.
Preloading 0 native plugins for Editor in 0.00 ms.
Unloading 1602 Unused Serialized files (Serialized files now loaded: 0)
System memory in use before: 78.5 MB.
System memory in use after: 78.5 MB.

Unloading 11 unused Assets to reduce memory usage. Loaded Objects now: 2061.
Total: 1.792700 ms (FindLiveObjects: 0.182300 ms CreateObjectMapping: 0.035000 ms MarkObjects: 1.480000 ms  DeleteObjects: 0.093900 ms)

========================================================================
Received Prepare
Registering precompiled user dll's ...
Registered in 0.000986 seconds.
Begin MonoManager ReloadAssembly
Native extension for WindowsStandalone target not found
Native extension for WebGL target not found
Refreshing native plugins compatible for Editor in 0.34 ms, found 1 plugins.
Preloading 0 native plugins for Editor in 0.00 ms.
Invoked RoslynAnalysisRunner static constructor.
RoslynAnalysisRunner will not be running.
RoslynAnalysisRunner has terminated.
Mono: successfully reloaded assembly
- Completed reload, in  0.822 seconds
Platform modules already initialized, skipping
Refreshing native plugins compatible for Editor in 0.35 ms, found 1 plugins.
Preloading 0 native plugins for Editor in 0.00 ms.
Unloading 1642 Unused Serialized files (Serialized files now loaded: 0)
System memory in use before: 79.7 MB.
System memory in use after: 79.7 MB.

Unloading 11 unused Assets to reduce memory usage. Loaded Objects now: 2109.
Total: 1.999200 ms (FindLiveObjects: 0.203000 ms CreateObjectMapping: 0.036800 ms MarkObjects: 1.654700 ms  DeleteObjects: 0.103700 ms)

========================================================================
Received Prepare
Registering precompiled user dll's ...
Registered in 0.000988 seconds.
Begin MonoManager ReloadAssembly
Native extension for WindowsStandalone target not found
Native extension for WebGL target not found
Refreshing native plugins compatible for Editor in 0.35 ms, found 1 plugins.
Preloading 0 native plugins for Editor in 0.00 ms.
Invoked RoslynAnalysisRunner static constructor.
RoslynAnalysisRunner will not be running.
RoslynAnalysisRunner has terminated.
Mono: successfully reloaded assembly
- Completed reload, in  0.824 seconds
Platform modules already initialized, skipping
Refreshing native plugins compatible for Editor in 0.33 ms, found 1 plugins.
Preloading 0 native plugins for Editor in 0.00 ms.
Unloading 1652 Unused Serialized files (Serialized files now loaded: 0)
System memory in use before: 80.0 MB.
System memory in use after: 80.1 MB.

Unloading 11 unused Assets to reduce memory usage. Loaded Objects now: 2123.
Total: 2.100600 ms (FindLiveObjects: 0.194100 ms CreateObjectMapping: 0.037300 ms MarkObjects: 1.766000 ms  DeleteObjects: 0.101900 ms)

========================================================================
Received Import Request.
  Time since last request: 9894.556348 seconds.
  path: Assets/Sprites/whiteSquare.png
  artifactKey: Guid(a09f31e8c606bde4baa470b03265ed8e) Importer(815301076,1909f56bfc062723c751e8b465ee728b)
Start importing Assets/Sprites/whiteSquare.png using Guid(a09f31e8c606bde4baa470b03265ed8e) Importer(815301076,1909f56bfc062723c751e8b465ee728b)  -> (artifact id: 'ed749fe59823feb434eaaefb55078b60') in 0.056536 seconds
  Import took 0.059349 seconds .

========================================================================
Received Import Request.
  Time since last request: 4.929212 seconds.
  path: Assets/Sprites/whiteSquare.png
  artifactKey: Guid(a09f31e8c606bde4baa470b03265ed8e) Importer(815301076,1909f56bfc062723c751e8b465ee728b)
Start importing Assets/Sprites/whiteSquare.png using Guid(a09f31e8c606bde4baa470b03265ed8e) Importer(815301076,1909f56bfc062723c751e8b465ee728b)  -> (artifact id: 'b97dab61eca19256163faf9e37d5f04c') in 0.051465 seconds
  Import took 0.054097 seconds .

========================================================================
Received Import Request.
  Time since last request: 7.480512 seconds.
  path: Assets/Sprites/whiteSquare.png
  artifactKey: Guid(a09f31e8c606bde4baa470b03265ed8e) Importer(815301076,1909f56bfc062723c751e8b465ee728b)
Start importing Assets/Sprites/whiteSquare.png using Guid(a09f31e8c606bde4baa470b03265ed8e) Importer(815301076,1909f56bfc062723c751e8b465ee728b)  -> (artifact id: 'c05fb53cc7d6afbb51073e7ec027f113') in 0.012952 seconds
  Import took 0.015610 seconds .

========================================================================
Received Import Request.
  Time since last request: 403.856955 seconds.
  path: Assets/Sprites/whiteSquare.png
  artifactKey: Guid(a09f31e8c606bde4baa470b03265ed8e) Importer(815301076,1909f56bfc062723c751e8b465ee728b)
Start importing Assets/Sprites/whiteSquare.png using Guid(a09f31e8c606bde4baa470b03265ed8e) Importer(815301076,1909f56bfc062723c751e8b465ee728b)  -> (artifact id: 'cdeb07df2533685b6c0cbc498072675f') in 0.041095 seconds
  Import took 0.043996 seconds .

========================================================================
Received Import Request.
  Time since last request: 146.162372 seconds.
  path: Assets/Sprites/whiteSquare.png
  artifactKey: Guid(a09f31e8c606bde4baa470b03265ed8e) Importer(815301076,1909f56bfc062723c751e8b465ee728b)
Start importing Assets/Sprites/whiteSquare.png using Guid(a09f31e8c606bde4baa470b03265ed8e) Importer(815301076,1909f56bfc062723c751e8b465ee728b)  -> (artifact id: '1bad025743ce172f0ef758b059090d4e') in 0.034332 seconds
  Import took 0.037155 seconds .

========================================================================
Received Import Request.
  Time since last request: 253.083126 seconds.
  path: Assets/Sprites/whiteSquare.png
  artifactKey: Guid(a09f31e8c606bde4baa470b03265ed8e) Importer(815301076,1909f56bfc062723c751e8b465ee728b)
Start importing Assets/Sprites/whiteSquare.png using Guid(a09f31e8c606bde4baa470b03265ed8e) Importer(815301076,1909f56bfc062723c751e8b465ee728b)  -> (artifact id: 'f26696db825b0cf8e2ddc6a1f1ffd727') in 0.013685 seconds
  Import took 0.016793 seconds .

AssetImportWorkerClient::OnTransportError - code=2 error=End of file
